<?xml version="1.0" encoding="UTF-8"?>
<!-- Generated by org.testng.reporters.JUnitReportReporter -->
<testsuite skipped="0" hostname="XIPL9256" name="com.qa.apitest.PostApiTest" tests="1" failures="0" timestamp="07 Aug 2020 11:02:32 GMT" time="3.569" errors="0">
  <testcase name="postApiTest" time="3.569" classname="com.qa.apitest.PostApiTest"/>
</testsuite> <!-- com.qa.apitest.PostApiTest -->
