<?xml version="1.0" encoding="UTF-8"?>
<!-- Generated by org.testng.reporters.JUnitReportReporter -->
<testsuite skipped="0" hostname="XIPL9256" name="com.qa.apitest.PutAPiTest" tests="1" failures="0" timestamp="07 Aug 2020 11:31:56 GMT" time="13.082" errors="0">
  <testcase name="putApiTest" time="13.082" classname="com.qa.apitest.PutAPiTest"/>
</testsuite> <!-- com.qa.apitest.PutAPiTest -->
