<?xml version="1.0" encoding="UTF-8"?>
<!-- Generated by org.testng.reporters.JUnitReportReporter -->
<testsuite skipped="0" hostname="XIPL9256" name="com.qa.apitest.DeleteApiTest" tests="1" failures="0" timestamp="07 Aug 2020 10:57:44 GMT" time="2.918" errors="0">
  <testcase name="deleteApiTest" time="2.918" classname="com.qa.apitest.DeleteApiTest"/>
</testsuite> <!-- com.qa.apitest.DeleteApiTest -->
