<?xml version="1.0" encoding="UTF-8"?>
<!-- Generated by org.testng.reporters.JUnitReportReporter -->
<testsuite skipped="0" hostname="XIPL9256" name="com.qa.apitest.GetApiTest" tests="2" failures="0" timestamp="07 Aug 2020 05:59:26 GMT" time="5.854" errors="0">
  <testcase name="getApiTestWithoutHeaders" time="1.673" classname="com.qa.apitest.GetApiTest"/>
  <testcase name="getApiTestWithHeaders" time="4.181" classname="com.qa.apitest.GetApiTest"/>
</testsuite> <!-- com.qa.apitest.GetApiTest -->
